<?xml version="1.0" encoding="UTF-8"?>
<!-- Generated by org.testng.reporters.JUnitXMLReporter -->
<testsuite hostname="LAPTOP-DPRMTU75" ignored="0" name="Default test" tests="5" failures="0" timestamp="18 Jul 2020 15:29:42 GMT" time="12.394" errors="0">
  <testcase name="VerifyGetRequest" time="4.751" classname="Tests.RequestVerification"/>
  <testcase name="verifyDeleteRequest" time="1.649" classname="Tests.RequestVerification"/>
  <testcase name="verifyPatchRequest" time="2.146" classname="Tests.RequestVerification"/>
  <testcase name="verifyPostRawText" time="2.066" classname="Tests.RequestVerification"/>
  <testcase name="verifyPutRequest" time="1.735" classname="Tests.RequestVerification"/>
</testsuite> <!-- Default test -->
