<?xml version="1.0" encoding="UTF-8"?>
<testng-results skipped="0" failed="0" ignored="0" total="5" passed="5">
  <reporter-output>
  </reporter-output>
  <suite name="Default suite" duration-ms="12394" started-at="2020-07-18T15:29:30Z" finished-at="2020-07-18T15:29:42Z">
    <groups>
    </groups>
    <test name="Default test" duration-ms="12394" started-at="2020-07-18T15:29:30Z" finished-at="2020-07-18T15:29:42Z">
      <class name="Tests.RequestVerification">
        <test-method status="PASS" signature="VerifyGetRequest()[pri:0, instance:Tests.RequestVerification@61832929]" name="VerifyGetRequest" duration-ms="4751" started-at="2020-07-18T15:29:30Z" finished-at="2020-07-18T15:29:35Z">
          <reporter-output>
          </reporter-output>
        </test-method> <!-- VerifyGetRequest -->
        <test-method status="PASS" signature="verifyDeleteRequest()[pri:0, instance:Tests.RequestVerification@61832929]" name="verifyDeleteRequest" duration-ms="1649" started-at="2020-07-18T15:29:35Z" finished-at="2020-07-18T15:29:36Z">
          <reporter-output>
          </reporter-output>
        </test-method> <!-- verifyDeleteRequest -->
        <test-method status="PASS" signature="verifyPatchRequest()[pri:0, instance:Tests.RequestVerification@61832929]" name="verifyPatchRequest" duration-ms="2146" started-at="2020-07-18T15:29:36Z" finished-at="2020-07-18T15:29:39Z">
          <reporter-output>
          </reporter-output>
        </test-method> <!-- verifyPatchRequest -->
        <test-method status="PASS" signature="verifyPostRawText()[pri:0, instance:Tests.RequestVerification@61832929]" name="verifyPostRawText" duration-ms="2066" started-at="2020-07-18T15:29:39Z" finished-at="2020-07-18T15:29:41Z">
          <reporter-output>
          </reporter-output>
        </test-method> <!-- verifyPostRawText -->
        <test-method status="PASS" signature="verifyPutRequest()[pri:0, instance:Tests.RequestVerification@61832929]" name="verifyPutRequest" duration-ms="1735" started-at="2020-07-18T15:29:41Z" finished-at="2020-07-18T15:29:42Z">
          <reporter-output>
          </reporter-output>
        </test-method> <!-- verifyPutRequest -->
      </class> <!-- Tests.RequestVerification -->
    </test> <!-- Default test -->
  </suite> <!-- Default suite -->
</testng-results>
